<?xml version="1.0" encoding="UTF-8"?>
<testng-results ignored="0" total="1" passed="1" failed="0" skipped="0">
  <reporter-output>
  </reporter-output>
  <suite started-at="2022-03-13T17:06:46 IST" name="Default suite" finished-at="2022-03-13T17:07:18 IST" duration-ms="32175">
    <groups>
    </groups>
    <test started-at="2022-03-13T17:06:46 IST" name="Default test" finished-at="2022-03-13T17:07:18 IST" duration-ms="32175">
      <class name="AmazonTestScenario">
        <test-method is-config="true" signature="setup()[pri:0, instance:AmazonTestScenario@22e357dc]" started-at="2022-03-13T17:06:46 IST" name="setup" finished-at="2022-03-13T17:06:51 IST" duration-ms="5709" status="PASS">
          <reporter-output>
          </reporter-output>
        </test-method> <!-- setup -->
        <test-method signature="test()[pri:0, instance:AmazonTestScenario@22e357dc]" started-at="2022-03-13T17:06:51 IST" name="test" finished-at="2022-03-13T17:07:18 IST" duration-ms="26426" status="PASS">
          <reporter-output>
          </reporter-output>
        </test-method> <!-- test -->
      </class> <!-- AmazonTestScenario -->
    </test> <!-- Default test -->
  </suite> <!-- Default suite -->
</testng-results>
